<?xml version="1.0" encoding="UTF-8"?>
<testng-results ignored="0" total="3" passed="3" failed="0" skipped="0">
  <reporter-output>
  </reporter-output>
  <suite started-at="2025-07-11T16:03:58 IST" name="Default suite" finished-at="2025-07-11T16:05:28 IST" duration-ms="90315">
    <groups>
    </groups>
    <test started-at="2025-07-11T16:03:58 IST" name="Default test" finished-at="2025-07-11T16:05:28 IST" duration-ms="90315">
      <class name="testng.KameraApp">
        <test-method signature="url()[pri:1, instance:testng.KameraApp@26bab2f1]" started-at="2025-07-11T16:03:58 IST" name="url" finished-at="2025-07-11T16:04:12 IST" duration-ms="14191" status="PASS">
          <reporter-output>
          </reporter-output>
        </test-method> <!-- url -->
        <test-method signature="creatacc()[pri:2, instance:testng.KameraApp@26bab2f1]" started-at="2025-07-11T16:04:12 IST" name="creatacc" finished-at="2025-07-11T16:05:14 IST" duration-ms="62389" status="PASS">
          <reporter-output>
          </reporter-output>
        </test-method> <!-- creatacc -->
        <test-method signature="product()[pri:3, instance:testng.KameraApp@26bab2f1]" started-at="2025-07-11T16:05:14 IST" name="product" finished-at="2025-07-11T16:05:28 IST" duration-ms="13265" status="PASS">
          <reporter-output>
          </reporter-output>
        </test-method> <!-- product -->
        <test-method is-config="true" signature="close()[pri:0, instance:testng.KameraApp@26bab2f1]" started-at="2025-07-11T16:05:28 IST" name="close" finished-at="2025-07-11T16:05:28 IST" duration-ms="417" status="PASS">
          <reporter-output>
          </reporter-output>
        </test-method> <!-- close -->
      </class> <!-- testng.KameraApp -->
    </test> <!-- Default test -->
  </suite> <!-- Default suite -->
</testng-results>
